[debug] [2021-09-24T09:14:48.080Z] ----------------------------------------------------------------------
[debug] [2021-09-24T09:14:48.081Z] Command:       C:\Program Files\nodejs\node.exe C:\Users\avina\AppData\Roaming\npm\node_modules\firebase-tools\lib\bin\firebase.js deploy
[debug] [2021-09-24T09:14:48.082Z] CLI Version:   9.18.0
[debug] [2021-09-24T09:14:48.082Z] Platform:      win32
[debug] [2021-09-24T09:14:48.082Z] Node Version:  v14.17.6
[debug] [2021-09-24T09:14:48.083Z] Time:          Fri Sep 24 2021 14:44:48 GMT+0530 (India Standard Time)
[debug] [2021-09-24T09:14:48.083Z] ----------------------------------------------------------------------
[debug] 
[debug] [2021-09-24T09:14:48.137Z] > command requires scopes: ["email","openid","https://www.googleapis.com/auth/cloudplatformprojects.readonly","https://www.googleapis.com/auth/firebase","https://www.googleapis.com/auth/cloud-platform"]
[debug] [2021-09-24T09:14:48.137Z] > authorizing via signed-in user (garbhagudi.11@gmail.com)
[debug] [2021-09-24T09:14:48.138Z] [iam] checking project garbhagudi-ivf-com for permissions ["firebase.projects.get","firebasehosting.sites.update"]
[debug] [2021-09-24T09:14:48.140Z] >>> HTTP REQUEST POST https://cloudresourcemanager.googleapis.com/v1/projects/garbhagudi-ivf-com:testIamPermissions  
 {"permissions":["firebase.projects.get","firebasehosting.sites.update"]}
[debug] [2021-09-24T09:14:49.453Z] <<< HTTP RESPONSE 200 {"content-type":"application/json; charset=UTF-8","vary":"X-Origin, Referer, Origin,Accept-Encoding","date":"Fri, 24 Sep 2021 09:14:49 GMT","server":"ESF","cache-control":"private","x-xss-protection":"0","x-frame-options":"SAMEORIGIN","x-content-type-options":"nosniff","server-timing":"gfet4t7; dur=1240","alt-svc":"h3=\":443\"; ma=2592000,h3-29=\":443\"; ma=2592000,h3-T051=\":443\"; ma=2592000,h3-Q050=\":443\"; ma=2592000,h3-Q046=\":443\"; ma=2592000,h3-Q043=\":443\"; ma=2592000,quic=\":443\"; ma=2592000; v=\"46,43\"","accept-ranges":"none","transfer-encoding":"chunked"}
[debug] [2021-09-24T09:14:49.454Z] [iam] error while checking permissions, command may fail: FirebaseError: Authorization failed. This account is missing the following required permissions on project garbhagudi-ivf-com:

  firebase.projects.get
  firebasehosting.sites.update
[debug] [2021-09-24T09:14:49.455Z] > refreshing access token with scopes: []
[debug] [2021-09-24T09:14:49.455Z] >>> HTTP REQUEST POST https://www.googleapis.com/oauth2/v3/token  
 <request body omitted>
[debug] [2021-09-24T09:14:49.576Z] <<< HTTP RESPONSE 200 {"pragma":"no-cache","expires":"Mon, 01 Jan 1990 00:00:00 GMT","date":"Fri, 24 Sep 2021 09:14:49 GMT","cache-control":"no-cache, no-store, max-age=0, must-revalidate","content-type":"application/json; charset=utf-8","vary":"X-Origin, Referer, Origin,Accept-Encoding","server":"scaffolding on HTTPServer2","x-xss-protection":"0","x-frame-options":"SAMEORIGIN","x-content-type-options":"nosniff","alt-svc":"h3=\":443\"; ma=2592000,h3-29=\":443\"; ma=2592000,h3-T051=\":443\"; ma=2592000,h3-Q050=\":443\"; ma=2592000,h3-Q046=\":443\"; ma=2592000,h3-Q043=\":443\"; ma=2592000,quic=\":443\"; ma=2592000; v=\"46,43\"","accept-ranges":"none","transfer-encoding":"chunked"}
[debug] [2021-09-24T09:14:49.581Z] >>> [apiv2][query] GET https://firebase.googleapis.com/v1beta1/projects/garbhagudi-ivf-com [none]
[debug] [2021-09-24T09:14:50.018Z] <<< [apiv2][status] GET https://firebase.googleapis.com/v1beta1/projects/garbhagudi-ivf-com 403
[debug] [2021-09-24T09:14:50.018Z] <<< [apiv2][body] GET https://firebase.googleapis.com/v1beta1/projects/garbhagudi-ivf-com {"error":{"code":403,"message":"The caller does not have permission","status":"PERMISSION_DENIED"}}
[debug] [2021-09-24T09:14:50.019Z] HTTP Error: 403, The caller does not have permission
[debug] [2021-09-24T09:14:50.114Z] FirebaseError: HTTP Error: 403, The caller does not have permission
    at module.exports (C:\Users\avina\AppData\Roaming\npm\node_modules\firebase-tools\lib\responseToError.js:38:12)
    at Client.doRequest (C:\Users\avina\AppData\Roaming\npm\node_modules\firebase-tools\lib\apiv2.js:238:23)
    at processTicksAndRejections (internal/process/task_queues.js:95:5)
    at async Client.request (C:\Users\avina\AppData\Roaming\npm\node_modules\firebase-tools\lib\apiv2.js:96:20)
    at async Object.getFirebaseProject (C:\Users\avina\AppData\Roaming\npm\node_modules\firebase-tools\lib\management\projects.js:290:21)
    at async Object.getDefaultHostingSite (C:\Users\avina\AppData\Roaming\npm\node_modules\firebase-tools\lib\getDefaultHostingSite.js:8:21)
    at async requireHostingSite (C:\Users\avina\AppData\Roaming\npm\node_modules\firebase-tools\lib\requireHostingSite.js:9:18)
    at async Object.fn (C:\Users\avina\AppData\Roaming\npm\node_modules\firebase-tools\lib\commands\deploy.js:65:9)
    at async C:\Users\avina\AppData\Roaming\npm\node_modules\firebase-tools\lib\command.js:188:17
[error] 
[error] Error: Failed to get Firebase project garbhagudi-ivf-com. Please make sure the project exists and your account has permission to access it.
